Analysis & Synthesis report for TopLevel
Fri Jun 10 13:14:42 2022
Quartus Prime Version 21.1.0 Build 842 10/21/2021 SJ Lite Edition


---------------------
; Table of Contents ;
---------------------
  1. Legal Notice
  2. Analysis & Synthesis Summary
  3. Analysis & Synthesis Settings
  4. Parallel Compilation
  5. Analysis & Synthesis Source Files Read
  6. Analysis & Synthesis Resource Usage Summary
  7. Analysis & Synthesis Resource Utilization by Entity
  8. General Register Statistics
  9. Multiplexer Restructuring Statistics (Restructuring Performed)
 10. Parameter Settings for User Entity Instance: InstROM:IR1
 11. Parameter Settings for User Entity Instance: ProgCtr:PC1
 12. Parameter Settings for User Entity Instance: LUT_2x_dm:LUT3
 13. Parameter Settings for User Entity Instance: RegFile:RF1
 14. Parameter Settings for User Entity Instance: ALU:ALU1
 15. Parameter Settings for User Entity Instance: DataMem:DM1
 16. Port Connectivity Checks: "ALU:ALU1"
 17. Port Connectivity Checks: "LUT_dm:LUT2"
 18. Post-Synthesis Netlist Statistics for Top Partition
 19. Elapsed Time Per Partition
 20. Analysis & Synthesis Messages
 21. Analysis & Synthesis Suppressed Messages



----------------
; Legal Notice ;
----------------
Copyright (C) 2021  Intel Corporation. All rights reserved.
Your use of Intel Corporation's design tools, logic functions 
and other software and tools, and any partner logic 
functions, and any output files from any of the foregoing 
(including device programming or simulation files), and any 
associated documentation or information are expressly subject 
to the terms and conditions of the Intel Program License 
Subscription Agreement, the Intel Quartus Prime License Agreement,
the Intel FPGA IP License Agreement, or other applicable license
agreement, including, without limitation, that your use is for
the sole purpose of programming logic devices manufactured by
Intel and sold by Intel or its authorized distributors.  Please
refer to the applicable agreement for further details, at
https://fpgasoftware.intel.com/eula.



+---------------------------------------------------------------------------------+
; Analysis & Synthesis Summary                                                    ;
+-----------------------------------+---------------------------------------------+
; Analysis & Synthesis Status       ; Successful - Fri Jun 10 13:14:42 2022       ;
; Quartus Prime Version             ; 21.1.0 Build 842 10/21/2021 SJ Lite Edition ;
; Revision Name                     ; TopLevel                                    ;
; Top-level Entity Name             ; TopLevel                                    ;
; Family                            ; Arria II GX                                 ;
; Logic utilization                 ; N/A                                         ;
;     Combinational ALUTs           ; 1,311                                       ;
;     Memory ALUTs                  ; 0                                           ;
;     Dedicated logic registers     ; 2,102                                       ;
; Total registers                   ; 2102                                        ;
; Total pins                        ; 4                                           ;
; Total virtual pins                ; 0                                           ;
; Total block memory bits           ; 0                                           ;
; DSP block 18-bit elements         ; 0                                           ;
; Total GXB Receiver Channel PCS    ; 0                                           ;
; Total GXB Receiver Channel PMA    ; 0                                           ;
; Total GXB Transmitter Channel PCS ; 0                                           ;
; Total GXB Transmitter Channel PMA ; 0                                           ;
; Total PLLs                        ; 0                                           ;
; Total DLLs                        ; 0                                           ;
+-----------------------------------+---------------------------------------------+


+---------------------------------------------------------------------------------------------------------------------------+
; Analysis & Synthesis Settings                                                                                             ;
+---------------------------------------------------------------------------------+--------------------+--------------------+
; Option                                                                          ; Setting            ; Default Value      ;
+---------------------------------------------------------------------------------+--------------------+--------------------+
; Top-level entity name                                                           ; TopLevel           ; TopLevel           ;
; Family name                                                                     ; Arria II GX        ; Cyclone V          ;
; Use smart compilation                                                           ; Off                ; Off                ;
; Enable parallel Assembler and Timing Analyzer during compilation                ; On                 ; On                 ;
; Enable compact report table                                                     ; Off                ; Off                ;
; Restructure Multiplexers                                                        ; Auto               ; Auto               ;
; MLAB Add Timing Constraints For Mixed-Port Feed-Through Mode Setting Don't Care ; Off                ; Off                ;
; Create Debugging Nodes for IP Cores                                             ; Off                ; Off                ;
; Preserve fewer node names                                                       ; On                 ; On                 ;
; Intel FPGA IP Evaluation Mode                                                   ; Enable             ; Enable             ;
; Verilog Version                                                                 ; Verilog_2001       ; Verilog_2001       ;
; VHDL Version                                                                    ; VHDL_1993          ; VHDL_1993          ;
; State Machine Processing                                                        ; Auto               ; Auto               ;
; Safe State Machine                                                              ; Off                ; Off                ;
; Extract Verilog State Machines                                                  ; On                 ; On                 ;
; Extract VHDL State Machines                                                     ; On                 ; On                 ;
; Ignore Verilog initial constructs                                               ; Off                ; Off                ;
; Iteration limit for constant Verilog loops                                      ; 5000               ; 5000               ;
; Iteration limit for non-constant Verilog loops                                  ; 250                ; 250                ;
; Add Pass-Through Logic to Inferred RAMs                                         ; On                 ; On                 ;
; Infer RAMs from Raw Logic                                                       ; On                 ; On                 ;
; Parallel Synthesis                                                              ; On                 ; On                 ;
; DSP Block Balancing                                                             ; Auto               ; Auto               ;
; NOT Gate Push-Back                                                              ; On                 ; On                 ;
; Power-Up Don't Care                                                             ; On                 ; On                 ;
; Remove Redundant Logic Cells                                                    ; Off                ; Off                ;
; Remove Duplicate Registers                                                      ; On                 ; On                 ;
; Ignore CARRY Buffers                                                            ; Off                ; Off                ;
; Ignore CASCADE Buffers                                                          ; Off                ; Off                ;
; Ignore GLOBAL Buffers                                                           ; Off                ; Off                ;
; Ignore ROW GLOBAL Buffers                                                       ; Off                ; Off                ;
; Ignore LCELL Buffers                                                            ; Off                ; Off                ;
; Ignore SOFT Buffers                                                             ; On                 ; On                 ;
; Limit AHDL Integers to 32 Bits                                                  ; Off                ; Off                ;
; Optimization Technique                                                          ; Balanced           ; Balanced           ;
; Carry Chain Length                                                              ; 70                 ; 70                 ;
; Auto Carry Chains                                                               ; On                 ; On                 ;
; Auto Open-Drain Pins                                                            ; On                 ; On                 ;
; Perform WYSIWYG Primitive Resynthesis                                           ; Off                ; Off                ;
; Auto ROM Replacement                                                            ; On                 ; On                 ;
; Auto RAM Replacement                                                            ; On                 ; On                 ;
; Auto DSP Block Replacement                                                      ; On                 ; On                 ;
; Auto Shift Register Replacement                                                 ; Auto               ; Auto               ;
; Allow Shift Register Merging across Hierarchies                                 ; Auto               ; Auto               ;
; Auto Clock Enable Replacement                                                   ; On                 ; On                 ;
; Strict RAM Replacement                                                          ; Off                ; Off                ;
; Allow Synchronous Control Signals                                               ; On                 ; On                 ;
; Force Use of Synchronous Clear Signals                                          ; Off                ; Off                ;
; Auto RAM Block Balancing                                                        ; On                 ; On                 ;
; Auto RAM to Logic Cell Conversion                                               ; Off                ; Off                ;
; Auto Resource Sharing                                                           ; Off                ; Off                ;
; Allow Any RAM Size For Recognition                                              ; Off                ; Off                ;
; Allow Any ROM Size For Recognition                                              ; Off                ; Off                ;
; Allow Any Shift Register Size For Recognition                                   ; Off                ; Off                ;
; Use LogicLock Constraints during Resource Balancing                             ; On                 ; On                 ;
; Ignore translate_off and synthesis_off directives                               ; Off                ; Off                ;
; Timing-Driven Synthesis                                                         ; On                 ; On                 ;
; Report Parameter Settings                                                       ; On                 ; On                 ;
; Report Source Assignments                                                       ; On                 ; On                 ;
; Report Connectivity Checks                                                      ; On                 ; On                 ;
; Ignore Maximum Fan-Out Assignments                                              ; Off                ; Off                ;
; Synchronization Register Chain Length                                           ; 3                  ; 3                  ;
; Power Optimization During Synthesis                                             ; Normal compilation ; Normal compilation ;
; HDL message level                                                               ; Level2             ; Level2             ;
; Suppress Register Optimization Related Messages                                 ; Off                ; Off                ;
; Number of Removed Registers Reported in Synthesis Report                        ; 5000               ; 5000               ;
; Number of Swept Nodes Reported in Synthesis Report                              ; 5000               ; 5000               ;
; Number of Inverted Registers Reported in Synthesis Report                       ; 100                ; 100                ;
; Clock MUX Protection                                                            ; On                 ; On                 ;
; Auto Gated Clock Conversion                                                     ; Off                ; Off                ;
; Block Design Naming                                                             ; Auto               ; Auto               ;
; SDC constraint protection                                                       ; Off                ; Off                ;
; Synthesis Effort                                                                ; Auto               ; Auto               ;
; Shift Register Replacement - Allow Asynchronous Clear Signal                    ; On                 ; On                 ;
; Pre-Mapping Resynthesis Optimization                                            ; Off                ; Off                ;
; Analysis & Synthesis Message Level                                              ; Medium             ; Medium             ;
; Disable Register Merging Across Hierarchies                                     ; Auto               ; Auto               ;
; Resource Aware Inference For Block RAM                                          ; On                 ; On                 ;
+---------------------------------------------------------------------------------+--------------------+--------------------+


+------------------------------------------+
; Parallel Compilation                     ;
+----------------------------+-------------+
; Processors                 ; Number      ;
+----------------------------+-------------+
; Number detected on machine ; 8           ;
; Maximum allowed            ; 4           ;
;                            ;             ;
; Average used               ; 1.00        ;
; Maximum used               ; 4           ;
;                            ;             ;
; Usage by Processor         ; % Time Used ;
;     Processor 1            ; 100.0%      ;
;     Processor 2            ;   0.0%      ;
;     Processor 3            ;   0.0%      ;
;     Processor 4            ;   0.0%      ;
+----------------------------+-------------+


+--------------------------------------------------------------------------------------------------------------------------------------------------------------------------------------------+
; Analysis & Synthesis Source Files Read                                                                                                                                                     ;
+----------------------------------+-----------------+---------------------------------------------+-------------------------------------------------------------------------------+---------+
; File Name with User-Entered Path ; Used in Netlist ; File Type                                   ; File Name with Absolute Path                                                  ; Library ;
+----------------------------------+-----------------+---------------------------------------------+-------------------------------------------------------------------------------+---------+
; TopLevel.sv                      ; yes             ; User SystemVerilog HDL File                 ; C:/Users/jeann/Desktop/141LTermProject/basic processor Verilog/TopLevel.sv    ;         ;
; RegFile.sv                       ; yes             ; User SystemVerilog HDL File                 ; C:/Users/jeann/Desktop/141LTermProject/basic processor Verilog/RegFile.sv     ;         ;
; ProgCtr.sv                       ; yes             ; User SystemVerilog HDL File                 ; C:/Users/jeann/Desktop/141LTermProject/basic processor Verilog/ProgCtr.sv     ;         ;
; LUT_pc.sv                        ; yes             ; User SystemVerilog HDL File                 ; C:/Users/jeann/Desktop/141LTermProject/basic processor Verilog/LUT_pc.sv      ;         ;
; LUT_dm.sv                        ; yes             ; User SystemVerilog HDL File                 ; C:/Users/jeann/Desktop/141LTermProject/basic processor Verilog/LUT_dm.sv      ;         ;
; LUT_2x_dm.sv                     ; yes             ; User SystemVerilog HDL File                 ; C:/Users/jeann/Desktop/141LTermProject/basic processor Verilog/LUT_2x_dm.sv   ;         ;
; InstROM.sv                       ; yes             ; User SystemVerilog HDL File                 ; C:/Users/jeann/Desktop/141LTermProject/basic processor Verilog/InstROM.sv     ;         ;
; Definitions.sv                   ; yes             ; User SystemVerilog HDL File                 ; C:/Users/jeann/Desktop/141LTermProject/basic processor Verilog/Definitions.sv ;         ;
; DataMem.sv                       ; yes             ; User SystemVerilog HDL File                 ; C:/Users/jeann/Desktop/141LTermProject/basic processor Verilog/DataMem.sv     ;         ;
; Ctrl.sv                          ; yes             ; User SystemVerilog HDL File                 ; C:/Users/jeann/Desktop/141LTermProject/basic processor Verilog/Ctrl.sv        ;         ;
; ALU.sv                           ; yes             ; User SystemVerilog HDL File                 ; C:/Users/jeann/Desktop/141LTermProject/basic processor Verilog/ALU.sv         ;         ;
; program3.txt                     ; yes             ; Auto-Found File                             ; C:/Users/jeann/Desktop/141LTermProject/basic processor Verilog/program3.txt   ;         ;
; data_mem.hex                     ; yes             ; Auto-Found Hexadecimal (Intel-Format) File  ; C:/Users/jeann/Desktop/141LTermProject/basic processor Verilog/data_mem.hex   ;         ;
+----------------------------------+-----------------+---------------------------------------------+-------------------------------------------------------------------------------+---------+


+-----------------------------------------------------------+
; Analysis & Synthesis Resource Usage Summary               ;
+-----------------------------------------------+-----------+
; Resource                                      ; Usage     ;
+-----------------------------------------------+-----------+
; Estimated ALUTs Used                          ; 1311      ;
;     -- Combinational ALUTs                    ; 1311      ;
;     -- Memory ALUTs                           ; 0         ;
;     -- LUT_REGs                               ; 0         ;
; Dedicated logic registers                     ; 2102      ;
;                                               ;           ;
; Estimated ALUTs Unavailable                   ; 5         ;
;     -- Due to unpartnered combinational logic ; 5         ;
;     -- Due to Memory ALUTs                    ; 0         ;
;                                               ;           ;
; Total combinational functions                 ; 1311      ;
; Combinational ALUT usage by number of inputs  ;           ;
;     -- 7 input functions                      ; 5         ;
;     -- 6 input functions                      ; 883       ;
;     -- 5 input functions                      ; 61        ;
;     -- 4 input functions                      ; 54        ;
;     -- <=3 input functions                    ; 308       ;
;                                               ;           ;
; Combinational ALUTs by mode                   ;           ;
;     -- normal mode                            ; 1279      ;
;     -- extended LUT mode                      ; 5         ;
;     -- arithmetic mode                        ; 27        ;
;     -- shared arithmetic mode                 ; 0         ;
;                                               ;           ;
; Estimated ALUT/register pairs used            ; 3143      ;
;                                               ;           ;
; Total registers                               ; 2102      ;
;     -- Dedicated logic registers              ; 2102      ;
;     -- I/O registers                          ; 0         ;
;     -- LUT_REGs                               ; 0         ;
;                                               ;           ;
;                                               ;           ;
; I/O pins                                      ; 4         ;
;                                               ;           ;
; DSP block 18-bit elements                     ; 0         ;
;                                               ;           ;
; Maximum fan-out node                          ; Clk~input ;
; Maximum fan-out                               ; 2102      ;
; Total fan-out                                 ; 12856     ;
; Average fan-out                               ; 3.76      ;
+-----------------------------------------------+-----------+


+---------------------------------------------------------------------------------------------------------------------------------------------------------------------------------------------------------------------------------------------+
; Analysis & Synthesis Resource Utilization by Entity                                                                                                                                                                                         ;
+----------------------------+---------------------+---------------------------+-------------------+--------------+---------+-----------+-----------+-----------+------+--------------+--------------------------+-------------+--------------+
; Compilation Hierarchy Node ; Combinational ALUTs ; Dedicated Logic Registers ; Block Memory Bits ; DSP Elements ; DSP 9x9 ; DSP 12x12 ; DSP 18x18 ; DSP 36x36 ; Pins ; Virtual Pins ; Full Hierarchy Name      ; Entity Name ; Library Name ;
+----------------------------+---------------------+---------------------------+-------------------+--------------+---------+-----------+-----------+-----------+------+--------------+--------------------------+-------------+--------------+
; |TopLevel                  ; 1311 (86)           ; 2102 (1)                  ; 0                 ; 0            ; 0       ; 0         ; 0         ; 0         ; 4    ; 0            ; |TopLevel                ; TopLevel    ; work         ;
;    |ALU:ALU1|              ; 34 (34)             ; 0 (0)                     ; 0                 ; 0            ; 0       ; 0         ; 0         ; 0         ; 0    ; 0            ; |TopLevel|ALU:ALU1       ; ALU         ; work         ;
;    |Ctrl:Ctrl1|            ; 3 (3)               ; 0 (0)                     ; 0                 ; 0            ; 0       ; 0         ; 0         ; 0         ; 0    ; 0            ; |TopLevel|Ctrl:Ctrl1     ; Ctrl        ; work         ;
;    |DataMem:DM1|           ; 1004 (1004)         ; 2048 (2048)               ; 0                 ; 0            ; 0       ; 0         ; 0         ; 0         ; 0    ; 0            ; |TopLevel|DataMem:DM1    ; DataMem     ; work         ;
;    |InstROM:IR1|           ; 92 (92)             ; 0 (0)                     ; 0                 ; 0            ; 0       ; 0         ; 0         ; 0         ; 0    ; 0            ; |TopLevel|InstROM:IR1    ; InstROM     ; work         ;
;    |LUT_2x_dm:LUT3|        ; 8 (8)               ; 0 (0)                     ; 0                 ; 0            ; 0       ; 0         ; 0         ; 0         ; 0    ; 0            ; |TopLevel|LUT_2x_dm:LUT3 ; LUT_2x_dm   ; work         ;
;    |LUT_pc:LUT1|           ; 5 (5)               ; 0 (0)                     ; 0                 ; 0            ; 0       ; 0         ; 0         ; 0         ; 0    ; 0            ; |TopLevel|LUT_pc:LUT1    ; LUT_pc      ; work         ;
;    |ProgCtr:PC1|           ; 40 (40)             ; 13 (13)                   ; 0                 ; 0            ; 0       ; 0         ; 0         ; 0         ; 0    ; 0            ; |TopLevel|ProgCtr:PC1    ; ProgCtr     ; work         ;
;    |RegFile:RF1|           ; 39 (39)             ; 40 (40)                   ; 0                 ; 0            ; 0       ; 0         ; 0         ; 0         ; 0    ; 0            ; |TopLevel|RegFile:RF1    ; RegFile     ; work         ;
+----------------------------+---------------------+---------------------------+-------------------+--------------+---------+-----------+-----------+-----------+------+--------------+--------------------------+-------------+--------------+
Note: For table entries with two numbers listed, the numbers in parentheses indicate the number of resources of the given type used by the specific entity alone. The numbers listed outside of parentheses indicate the total resources of the given type used by the specific entity and all of its sub-entities in the hierarchy.


+------------------------------------------------------+
; General Register Statistics                          ;
+----------------------------------------------+-------+
; Statistic                                    ; Value ;
+----------------------------------------------+-------+
; Total registers                              ; 2102  ;
; Number of registers using Synchronous Clear  ; 43    ;
; Number of registers using Synchronous Load   ; 0     ;
; Number of registers using Asynchronous Clear ; 0     ;
; Number of registers using Asynchronous Load  ; 0     ;
; Number of registers using Clock Enable       ; 2098  ;
; Number of registers using Preset             ; 0     ;
+----------------------------------------------+-------+


+-----------------------------------------------------------------------------------------------------------------------------------------------------+
; Multiplexer Restructuring Statistics (Restructuring Performed)                                                                                      ;
+--------------------+-----------+---------------+----------------------+------------------------+------------+---------------------------------------+
; Multiplexer Inputs ; Bus Width ; Baseline Area ; Area if Restructured ; Saving if Restructured ; Registered ; Example Multiplexer Output            ;
+--------------------+-----------+---------------+----------------------+------------------------+------------+---------------------------------------+
; 3:1                ; 8 bits    ; 16 ALUTs      ; 0 ALUTs              ; 16 ALUTs               ; Yes        ; |TopLevel|RegFile:RF1|JumpRegister[2] ;
; 3:1                ; 2 bits    ; 4 ALUTs       ; 2 ALUTs              ; 2 ALUTs                ; Yes        ; |TopLevel|ProgCtr:PC1|StartCount[0]   ;
; 3:1                ; 8 bits    ; 16 ALUTs      ; 0 ALUTs              ; 16 ALUTs               ; Yes        ; |TopLevel|RegFile:RF1|Registers[0][7] ;
; 3:1                ; 8 bits    ; 16 ALUTs      ; 0 ALUTs              ; 16 ALUTs               ; Yes        ; |TopLevel|RegFile:RF1|Registers[1][1] ;
; 3:1                ; 8 bits    ; 16 ALUTs      ; 0 ALUTs              ; 16 ALUTs               ; Yes        ; |TopLevel|RegFile:RF1|Registers[2][1] ;
; 3:1                ; 8 bits    ; 16 ALUTs      ; 0 ALUTs              ; 16 ALUTs               ; Yes        ; |TopLevel|RegFile:RF1|Registers[3][1] ;
; 6:1                ; 4 bits    ; 16 ALUTs      ; 8 ALUTs              ; 8 ALUTs                ; Yes        ; |TopLevel|ProgCtr:PC1|ProgCtr[0]      ;
; 8:1                ; 5 bits    ; 25 ALUTs      ; 20 ALUTs             ; 5 ALUTs                ; Yes        ; |TopLevel|ProgCtr:PC1|ProgCtr[6]      ;
; 4:1                ; 8 bits    ; 16 ALUTs      ; 16 ALUTs             ; 0 ALUTs                ; No         ; |TopLevel|RegFile:RF1|Mux14           ;
; 4:1                ; 2 bits    ; 4 ALUTs       ; 4 ALUTs              ; 0 ALUTs                ; No         ; |TopLevel|ALU:ALU1|ShiftRight0        ;
; 4:1                ; 2 bits    ; 4 ALUTs       ; 4 ALUTs              ; 0 ALUTs                ; No         ; |TopLevel|ALU:ALU1|ShiftRight0        ;
; 4:1                ; 2 bits    ; 4 ALUTs       ; 4 ALUTs              ; 0 ALUTs                ; No         ; |TopLevel|ALU:ALU1|ShiftLeft0         ;
; 5:1                ; 8 bits    ; 24 ALUTs      ; 16 ALUTs             ; 8 ALUTs                ; No         ; |TopLevel|RegFile:RF1|DataOutA[2]     ;
; 4:1                ; 4 bits    ; 8 ALUTs       ; 8 ALUTs              ; 0 ALUTs                ; No         ; |TopLevel|RegFile:RF1|Registers       ;
; 14:1               ; 4 bits    ; 36 ALUTs      ; 36 ALUTs             ; 0 ALUTs                ; No         ; |TopLevel|ExMem_RegValue_out[7]       ;
; 14:1               ; 3 bits    ; 27 ALUTs      ; 27 ALUTs             ; 0 ALUTs                ; No         ; |TopLevel|ExMem_RegValue_out[1]       ;
+--------------------+-----------+---------------+----------------------+------------------------+------------+---------------------------------------+


+----------------------------------------------------------+
; Parameter Settings for User Entity Instance: InstROM:IR1 ;
+----------------+-------+---------------------------------+
; Parameter Name ; Value ; Type                            ;
+----------------+-------+---------------------------------+
; A              ; 10    ; Signed Integer                  ;
; W              ; 9     ; Signed Integer                  ;
+----------------+-------+---------------------------------+
Note: In order to hide this table in the UI and the text report file, please set the "Show Parameter Settings in Synthesis Report" option in "Analysis and Synthesis Settings -> More Settings" to "Off".


+----------------------------------------------------------+
; Parameter Settings for User Entity Instance: ProgCtr:PC1 ;
+----------------+-------+---------------------------------+
; Parameter Name ; Value ; Type                            ;
+----------------+-------+---------------------------------+
; A              ; 10    ; Signed Integer                  ;
+----------------+-------+---------------------------------+
Note: In order to hide this table in the UI and the text report file, please set the "Show Parameter Settings in Synthesis Report" option in "Analysis and Synthesis Settings -> More Settings" to "Off".


+-------------------------------------------------------------+
; Parameter Settings for User Entity Instance: LUT_2x_dm:LUT3 ;
+----------------+-------+------------------------------------+
; Parameter Name ; Value ; Type                               ;
+----------------+-------+------------------------------------+
; W              ; 8     ; Signed Integer                     ;
+----------------+-------+------------------------------------+
Note: In order to hide this table in the UI and the text report file, please set the "Show Parameter Settings in Synthesis Report" option in "Analysis and Synthesis Settings -> More Settings" to "Off".


+----------------------------------------------------------+
; Parameter Settings for User Entity Instance: RegFile:RF1 ;
+----------------+-------+---------------------------------+
; Parameter Name ; Value ; Type                            ;
+----------------+-------+---------------------------------+
; W              ; 8     ; Signed Integer                  ;
; A              ; 2     ; Signed Integer                  ;
+----------------+-------+---------------------------------+
Note: In order to hide this table in the UI and the text report file, please set the "Show Parameter Settings in Synthesis Report" option in "Analysis and Synthesis Settings -> More Settings" to "Off".


+-------------------------------------------------------+
; Parameter Settings for User Entity Instance: ALU:ALU1 ;
+----------------+-------+------------------------------+
; Parameter Name ; Value ; Type                         ;
+----------------+-------+------------------------------+
; W              ; 8     ; Signed Integer               ;
; Ops            ; 4     ; Signed Integer               ;
+----------------+-------+------------------------------+
Note: In order to hide this table in the UI and the text report file, please set the "Show Parameter Settings in Synthesis Report" option in "Analysis and Synthesis Settings -> More Settings" to "Off".


+----------------------------------------------------------+
; Parameter Settings for User Entity Instance: DataMem:DM1 ;
+----------------+-------+---------------------------------+
; Parameter Name ; Value ; Type                            ;
+----------------+-------+---------------------------------+
; W              ; 8     ; Signed Integer                  ;
; A              ; 8     ; Signed Integer                  ;
+----------------+-------+---------------------------------+
Note: In order to hide this table in the UI and the text report file, please set the "Show Parameter Settings in Synthesis Report" option in "Analysis and Synthesis Settings -> More Settings" to "Off".


+------------------------------------------------------------------------------------------------------------------+
; Port Connectivity Checks: "ALU:ALU1"                                                                             ;
+--------+--------+----------+-------------------------------------------------------------------------------------+
; Port   ; Type   ; Severity ; Details                                                                             ;
+--------+--------+----------+-------------------------------------------------------------------------------------+
; SC_in  ; Input  ; Info     ; Stuck at VCC                                                                        ;
; Zero   ; Output ; Info     ; Connected to dangling logic. Logic that only feeds a dangling port will be removed. ;
; Parity ; Output ; Info     ; Connected to dangling logic. Logic that only feeds a dangling port will be removed. ;
; Odd    ; Output ; Info     ; Connected to dangling logic. Logic that only feeds a dangling port will be removed. ;
+--------+--------+----------+-------------------------------------------------------------------------------------+


+------------------------------------------------------------------------------------------------------------------------+
; Port Connectivity Checks: "LUT_dm:LUT2"                                                                                ;
+--------------+--------+----------+-------------------------------------------------------------------------------------+
; Port         ; Type   ; Severity ; Details                                                                             ;
+--------------+--------+----------+-------------------------------------------------------------------------------------+
; Target[9..8] ; Output ; Info     ; Connected to dangling logic. Logic that only feeds a dangling port will be removed. ;
+--------------+--------+----------+-------------------------------------------------------------------------------------+


+-----------------------------------------------------+
; Post-Synthesis Netlist Statistics for Top Partition ;
+-----------------------+-----------------------------+
; Type                  ; Count                       ;
+-----------------------+-----------------------------+
; arriaii_ff            ; 2102                        ;
;     ENA               ; 2057                        ;
;     ENA SCLR          ; 41                          ;
;     SCLR              ; 2                           ;
;     plain             ; 2                           ;
; boundary_port         ; 4                           ;
; stratixiv_lcell_comb  ; 1311                        ;
;     arith             ; 27                          ;
;         0 data inputs ; 1                           ;
;         1 data inputs ; 12                          ;
;         5 data inputs ; 14                          ;
;     extend            ; 5                           ;
;         7 data inputs ; 5                           ;
;     normal            ; 1279                        ;
;         2 data inputs ; 269                         ;
;         3 data inputs ; 26                          ;
;         4 data inputs ; 54                          ;
;         5 data inputs ; 47                          ;
;         6 data inputs ; 883                         ;
;                       ;                             ;
; Max LUT depth         ; 11.00                       ;
; Average LUT depth     ; 6.88                        ;
+-----------------------+-----------------------------+


+-------------------------------+
; Elapsed Time Per Partition    ;
+----------------+--------------+
; Partition Name ; Elapsed Time ;
+----------------+--------------+
; Top            ; 00:00:05     ;
+----------------+--------------+


+-------------------------------+
; Analysis & Synthesis Messages ;
+-------------------------------+
Info: *******************************************************************
Info: Running Quartus Prime Analysis & Synthesis
    Info: Version 21.1.0 Build 842 10/21/2021 SJ Lite Edition
    Info: Processing started: Fri Jun 10 13:14:27 2022
Info: Command: quartus_map --read_settings_files=on --write_settings_files=off TopLevel -c TopLevel
Warning (18236): Number of processors has not been specified which may cause overloading on shared machines.  Set the global assignment NUM_PARALLEL_PROCESSORS in your QSF to an appropriate value for best performance.
Info (20030): Parallel compilation is enabled and will use 4 of the 4 processors detected
Info (12021): Found 1 design units, including 1 entities, in source file toplevel.sv
    Info (12023): Found entity 1: TopLevel File: C:/Users/jeann/Desktop/141LTermProject/basic processor Verilog/TopLevel.sv Line: 5
Info (12021): Found 1 design units, including 1 entities, in source file regfile.sv
    Info (12023): Found entity 1: RegFile File: C:/Users/jeann/Desktop/141LTermProject/basic processor Verilog/RegFile.sv Line: 12
Info (12021): Found 1 design units, including 1 entities, in source file progctr.sv
    Info (12023): Found entity 1: ProgCtr File: C:/Users/jeann/Desktop/141LTermProject/basic processor Verilog/ProgCtr.sv Line: 13
Info (12021): Found 1 design units, including 1 entities, in source file lut_pc.sv
    Info (12023): Found entity 1: LUT_pc File: C:/Users/jeann/Desktop/141LTermProject/basic processor Verilog/LUT_pc.sv Line: 9
Info (12021): Found 1 design units, including 1 entities, in source file lut_dm.sv
    Info (12023): Found entity 1: LUT_dm File: C:/Users/jeann/Desktop/141LTermProject/basic processor Verilog/LUT_dm.sv Line: 12
Info (12021): Found 1 design units, including 1 entities, in source file lut_2x_dm.sv
    Info (12023): Found entity 1: LUT_2x_dm File: C:/Users/jeann/Desktop/141LTermProject/basic processor Verilog/LUT_2x_dm.sv Line: 14
Warning (10090): Verilog HDL syntax warning at InstROM.sv(39): extra block comment delimiter characters /* within block comment File: C:/Users/jeann/Desktop/141LTermProject/basic processor Verilog/InstROM.sv Line: 39
Info (12021): Found 1 design units, including 1 entities, in source file instrom.sv
    Info (12023): Found entity 1: InstROM File: C:/Users/jeann/Desktop/141LTermProject/basic processor Verilog/InstROM.sv Line: 13
Info (12021): Found 1 design units, including 0 entities, in source file definitions.sv
    Info (12022): Found design unit 1: Definitions (SystemVerilog) File: C:/Users/jeann/Desktop/141LTermProject/basic processor Verilog/Definitions.sv Line: 10
Info (12021): Found 1 design units, including 1 entities, in source file datamem.sv
    Info (12023): Found entity 1: DataMem File: C:/Users/jeann/Desktop/141LTermProject/basic processor Verilog/DataMem.sv Line: 15
Info (12021): Found 1 design units, including 1 entities, in source file ctrl.sv
    Info (12023): Found entity 1: Ctrl File: C:/Users/jeann/Desktop/141LTermProject/basic processor Verilog/Ctrl.sv Line: 13
Info (12021): Found 1 design units, including 1 entities, in source file alu.sv
    Info (12023): Found entity 1: ALU File: C:/Users/jeann/Desktop/141LTermProject/basic processor Verilog/ALU.sv Line: 10
Info (12127): Elaborating entity "TopLevel" for the top level hierarchy
Warning (10036): Verilog HDL or VHDL warning at TopLevel.sv(232): object "LUTdm" assigned a value but never read File: C:/Users/jeann/Desktop/141LTermProject/basic processor Verilog/TopLevel.sv Line: 232
Warning (10230): Verilog HDL assignment warning at TopLevel.sv(238): truncated value with size 10 to match size of target (8) File: C:/Users/jeann/Desktop/141LTermProject/basic processor Verilog/TopLevel.sv Line: 238
Warning (10230): Verilog HDL assignment warning at TopLevel.sv(281): truncated value with size 32 to match size of target (16) File: C:/Users/jeann/Desktop/141LTermProject/basic processor Verilog/TopLevel.sv Line: 281
Info (12128): Elaborating entity "InstROM" for hierarchy "InstROM:IR1" File: C:/Users/jeann/Desktop/141LTermProject/basic processor Verilog/TopLevel.sv Line: 123
Warning (10850): Verilog HDL warning at InstROM.sv(92): number of words (353) in memory file does not match the number of elements in the address range [0:1023] File: C:/Users/jeann/Desktop/141LTermProject/basic processor Verilog/InstROM.sv Line: 92
Warning (10030): Net "inst_rom.data_a" at InstROM.sv(81) has no driver or initial value, using a default initial value '0' File: C:/Users/jeann/Desktop/141LTermProject/basic processor Verilog/InstROM.sv Line: 81
Warning (10030): Net "inst_rom.waddr_a" at InstROM.sv(81) has no driver or initial value, using a default initial value '0' File: C:/Users/jeann/Desktop/141LTermProject/basic processor Verilog/InstROM.sv Line: 81
Warning (10030): Net "inst_rom.we_a" at InstROM.sv(81) has no driver or initial value, using a default initial value '0' File: C:/Users/jeann/Desktop/141LTermProject/basic processor Verilog/InstROM.sv Line: 81
Info (12128): Elaborating entity "ProgCtr" for hierarchy "ProgCtr:PC1" File: C:/Users/jeann/Desktop/141LTermProject/basic processor Verilog/TopLevel.sv Line: 138
Warning (10230): Verilog HDL assignment warning at ProgCtr.sv(37): truncated value with size 32 to match size of target (10) File: C:/Users/jeann/Desktop/141LTermProject/basic processor Verilog/ProgCtr.sv Line: 37
Warning (10230): Verilog HDL assignment warning at ProgCtr.sv(39): truncated value with size 32 to match size of target (10) File: C:/Users/jeann/Desktop/141LTermProject/basic processor Verilog/ProgCtr.sv Line: 39
Info (12128): Elaborating entity "LUT_pc" for hierarchy "LUT_pc:LUT1" File: C:/Users/jeann/Desktop/141LTermProject/basic processor Verilog/TopLevel.sv Line: 144
Info (12128): Elaborating entity "LUT_dm" for hierarchy "LUT_dm:LUT2" File: C:/Users/jeann/Desktop/141LTermProject/basic processor Verilog/TopLevel.sv Line: 149
Info (12128): Elaborating entity "LUT_2x_dm" for hierarchy "LUT_2x_dm:LUT3" File: C:/Users/jeann/Desktop/141LTermProject/basic processor Verilog/TopLevel.sv Line: 155
Info (12128): Elaborating entity "Ctrl" for hierarchy "Ctrl:Ctrl1" File: C:/Users/jeann/Desktop/141LTermProject/basic processor Verilog/TopLevel.sv Line: 191
Info (12128): Elaborating entity "RegFile" for hierarchy "RegFile:RF1" File: C:/Users/jeann/Desktop/141LTermProject/basic processor Verilog/TopLevel.sv Line: 210
Info (12128): Elaborating entity "ALU" for hierarchy "ALU:ALU1" File: C:/Users/jeann/Desktop/141LTermProject/basic processor Verilog/TopLevel.sv Line: 251
Warning (10036): Verilog HDL or VHDL warning at ALU.sv(25): object "op_mnemonic" assigned a value but never read File: C:/Users/jeann/Desktop/141LTermProject/basic processor Verilog/ALU.sv Line: 25
Info (12128): Elaborating entity "DataMem" for hierarchy "DataMem:DM1" File: C:/Users/jeann/Desktop/141LTermProject/basic processor Verilog/TopLevel.sv Line: 261
Warning (10850): Verilog HDL warning at DataMem.sv(33): number of words (0) in memory file does not match the number of elements in the address range [0:255] File: C:/Users/jeann/Desktop/141LTermProject/basic processor Verilog/DataMem.sv Line: 33
Info (276014): Found 1 instances of uninferred RAM logic
    Info (276007): RAM logic "DataMem:DM1|Core" is uninferred due to asynchronous read logic File: C:/Users/jeann/Desktop/141LTermProject/basic processor Verilog/DataMem.sv Line: 25
Warning (127007): Memory Initialization File or Hexadecimal (Intel-Format) File "C:/Users/jeann/Desktop/141LTermProject/basic processor Verilog/db/TopLevel.ram0_InstROM_15efe571.hdl.mif" contains "don't care" values -- overwriting them with 0s
Warning (127007): Memory Initialization File or Hexadecimal (Intel-Format) File "C:/Users/jeann/Desktop/141LTermProject/basic processor Verilog/db/TopLevel.ram0_DataMem_98fdf9a9.hdl.mif" contains "don't care" values -- overwriting them with 0s
Info (286030): Timing-Driven Synthesis is running
Info (144001): Generated suppressed messages file C:/Users/jeann/Desktop/141LTermProject/basic processor Verilog/output_files/TopLevel.map.smsg
Info (16010): Generating hard_block partition "hard_block:auto_generated_inst"
    Info (16011): Adding 0 node(s), including 0 DDIO, 0 PLL, 0 transceiver and 0 LCELL
Info (21057): Implemented 3395 device resources after synthesis - the final resource count might be different
    Info (21058): Implemented 3 input pins
    Info (21059): Implemented 1 output pins
    Info (21061): Implemented 3391 logic cells
Info: Quartus Prime Analysis & Synthesis was successful. 0 errors, 15 warnings
    Info: Peak virtual memory: 4874 megabytes
    Info: Processing ended: Fri Jun 10 13:14:42 2022
    Info: Elapsed time: 00:00:15
    Info: Total CPU time (on all processors): 00:00:28


+------------------------------------------+
; Analysis & Synthesis Suppressed Messages ;
+------------------------------------------+
The suppressed messages can be found in C:/Users/jeann/Desktop/141LTermProject/basic processor Verilog/output_files/TopLevel.map.smsg.


